<?xml version="1.0" encoding="UTF-8"?>
<!-- Generated by org.testng.reporters.JUnitXMLReporter -->
<testsuite ignored="0" hostname="Dean" failures="0" tests="3" name="Test" time="6.547" errors="0" timestamp="2023-08-03T12:11:16 IST">
  <testcase classname="com.sdet.testng.OpenWebsite" name="Chrome1" time="6.468"/>
  <testcase classname="com.sdet.testng.CalculaterTestng" name="addTest1" time="0.004"/>
  <testcase classname="com.sdet.testng.CalculaterTestng" name="subTest1" time="0.001"/>
</testsuite> <!-- Test -->
